c:\users\ektor\downloads\lab8 solution\lab1\debug\vc143.pdb
c:\users\ektor\downloads\lab8 solution\lab1\debug\vc143.idb
c:\users\ektor\downloads\lab8 solution\lab1\debug\texture.obj
c:\users\ektor\downloads\lab8 solution\lab1\debug\skybox.obj
c:\users\ektor\downloads\lab8 solution\lab1\debug\shader.obj
c:\users\ektor\downloads\lab8 solution\lab1\debug\sdlaudio.obj
c:\users\ektor\downloads\lab8 solution\lab1\debug\obj_loader.obj
c:\users\ektor\downloads\lab8 solution\lab1\debug\mesh.obj
c:\users\ektor\downloads\lab8 solution\lab1\debug\maingame.obj
c:\users\ektor\downloads\lab8 solution\lab1\debug\main.obj
c:\users\ektor\downloads\lab8 solution\lab1\debug\display.obj
c:\users\ektor\downloads\lab8 solution\lab1\debug\stb_image.obj
c:\users\ektor\downloads\lab8 solution\debug\lab1.exe
c:\users\ektor\downloads\lab8 solution\lab1\debug\lab1.ilk
c:\users\ektor\downloads\lab8 solution\debug\lab1.pdb
c:\users\ektor\downloads\lab8 solution\lab1\debug\lab1.tlog\cl.command.1.tlog
c:\users\ektor\downloads\lab8 solution\lab1\debug\lab1.tlog\cl.read.1.tlog
c:\users\ektor\downloads\lab8 solution\lab1\debug\lab1.tlog\cl.write.1.tlog
c:\users\ektor\downloads\lab8 solution\lab1\debug\lab1.tlog\link.42536.read.1.tlog
c:\users\ektor\downloads\lab8 solution\lab1\debug\lab1.tlog\link.42536.write.1.tlog
c:\users\ektor\downloads\lab8 solution\lab1\debug\lab1.tlog\link.command.1.tlog
c:\users\ektor\downloads\lab8 solution\lab1\debug\lab1.tlog\link.read.1.tlog
c:\users\ektor\downloads\lab8 solution\lab1\debug\lab1.tlog\link.write.1.tlog
